<?xml version="1.0" encoding="UTF-8"?>
<!-- Generated by org.testng.reporters.JUnitReportReporter -->
<testsuite hostname="Jatin_Passi" failures="0" tests="1" name="PW_Smoke.Allergy_Immunology_Sub_Link_Check" time="72.154" errors="0" timestamp="2023-07-24T15:21:35 IST" skipped="0">
  <testcase classname="PW_Smoke.Allergy_Immunology_Sub_Link_Check" name="allergy_immunology_sub_link_Check" time="72.154"/>
  <system-out/>
</testsuite> <!-- PW_Smoke.Allergy_Immunology_Sub_Link_Check -->
