<?xml version="1.0" encoding="UTF-8"?>
<!-- Generated by org.testng.reporters.JUnitReportReporter -->
<testsuite hostname="Jatin_Passi" failures="0" tests="1" name="SSL_checks" time="6.001" errors="0" timestamp="2023-03-29T21:20:21 IST" skipped="0">
  <testcase classname="SSL_checks" name="setup" time="6.001"/>
  <system-out/>
</testsuite> <!-- SSL_checks -->
