<?xml version="1.0" encoding="UTF-8"?>
<!-- Generated by org.testng.reporters.JUnitReportReporter -->
<testsuite hostname="Jatin_Passi" failures="0" tests="1" name="PW_Smoke.Psychiatry_Link_Check" time="207.037" errors="0" timestamp="2023-07-05T15:19:14 IST" skipped="0">
  <testcase classname="PW_Smoke.Psychiatry_Link_Check" name="psychiatry_care_link_Check" time="207.037"/>
  <system-out/>
</testsuite> <!-- PW_Smoke.Psychiatry_Link_Check -->
