<?xml version="1.0" encoding="UTF-8"?>
<!-- Generated by org.testng.reporters.JUnitReportReporter -->
<testsuite hostname="Jatin_Passi" failures="0" tests="1" name="Duplicate" time="38.194" errors="0" timestamp="2023-06-30T15:01:19 IST" skipped="0">
  <testcase classname="Duplicate" name="main" time="38.194"/>
  <system-out/>
</testsuite> <!-- Duplicate -->
