<?xml version="1.0" encoding="UTF-8"?>
<!-- Generated by org.testng.reporters.JUnitReportReporter -->
<testsuite hostname="Jatin_Passi" failures="0" tests="4" name="Data_Driven.Data_Supplier" time="0.023" errors="0" timestamp="2023-06-29T17:28:27 IST" skipped="0">
  <testcase classname="Data_Driven.Data_Supplier" name="reciver" time="0.005"/>
  <system-out/>
  <testcase classname="Data_Driven.Data_Supplier" name="reciver" time="0.005"/>
  <system-out/>
  <testcase classname="Data_Driven.Data_Supplier" name="reciver" time="0.011"/>
  <system-out/>
  <testcase classname="Data_Driven.Data_Supplier" name="reciver" time="0.002"/>
  <system-out/>
</testsuite> <!-- Data_Driven.Data_Supplier -->
