<?xml version="1.0" encoding="UTF-8"?>
<!-- Generated by org.testng.reporters.JUnitReportReporter -->
<testsuite hostname="Jatin_Passi" failures="0" tests="2" name="Testng.End_to_End1" time="9.400" errors="0" timestamp="2023-05-26T01:50:23 IST" skipped="0">
  <testcase classname="Testng.End_to_End1" name="num2" time="0.373"/>
  <system-out/>
  <testcase classname="Testng.End_to_End1" name="num3" time="9.027"/>
  <system-out/>
</testsuite> <!-- Testng.End_to_End1 -->
