<?xml version="1.0" encoding="UTF-8"?>
<!-- Generated by org.testng.reporters.JUnitReportReporter -->
<testsuite hostname="Jatin_Passi" failures="0" tests="1" name="DYSMD.Delete" time="5.109" errors="0" timestamp="2023-04-05T04:45:49 IST" skipped="0">
  <testcase classname="DYSMD.Delete" name="medication" time="5.109"/>
  <system-out/>
</testsuite> <!-- DYSMD.Delete -->
