<?xml version="1.0" encoding="UTF-8"?>
<!-- Generated by org.testng.reporters.JUnitReportReporter -->
<testsuite hostname="Jatin_Passi" failures="0" tests="1" name="PW_Smoke.Duplicate_Dermatology_Article" time="428.997" errors="0" timestamp="2023-07-04T19:10:38 IST" skipped="0">
  <testcase classname="PW_Smoke.Duplicate_Dermatology_Article" name="duplicate_dermatology_Article" time="428.997"/>
  <system-out/>
</testsuite> <!-- PW_Smoke.Duplicate_Dermatology_Article -->
