<?xml version="1.0" encoding="UTF-8"?>
<!-- Generated by org.testng.reporters.JUnitReportReporter -->
<testsuite hostname="Jatin_Passi" failures="0" tests="1" name="PW_Duplicate_Articles.Duplicate_Articles_Urology" time="1040.029" errors="0" timestamp="2023-07-14T21:47:37 IST" skipped="0">
  <testcase classname="PW_Duplicate_Articles.Duplicate_Articles_Urology" name="duplicate_articles_Urology" time="1040.029"/>
  <system-out/>
</testsuite> <!-- PW_Duplicate_Articles.Duplicate_Articles_Urology -->
