<?xml version="1.0" encoding="UTF-8"?>
<!-- Generated by org.testng.reporters.JUnitReportReporter -->
<testsuite hostname="Jatin_Passi" failures="0" tests="1" name="DYSMD.Tool_tip" time="79.649" errors="0" timestamp="2023-04-20T23:57:10 IST" skipped="0">
  <testcase classname="DYSMD.Tool_tip" name="medication" time="79.649"/>
  <system-out/>
</testsuite> <!-- DYSMD.Tool_tip -->
