<?xml version="1.0" encoding="UTF-8"?>
<!-- Generated by org.testng.reporters.JUnitReportReporter -->
<testsuite hostname="Jatin_Passi" failures="0" tests="1" name="pwcartoon_Ui" time="54.781" errors="0" timestamp="2023-06-28T18:15:25 IST" skipped="0">
  <testcase classname="pwcartoon_Ui" name="main" time="54.781"/>
  <system-out/>
</testsuite> <!-- pwcartoon_Ui -->
