<?xml version="1.0" encoding="UTF-8"?>
<!-- Generated by org.testng.reporters.JUnitReportReporter -->
<testsuite hostname="Jatin_Passi" failures="0" tests="1" name="PW_Duplicate_Articles.test" time="2922.350" errors="0" timestamp="2023-07-05T01:27:06 IST" skipped="0">
  <testcase classname="PW_Duplicate_Articles.test" name="te" time="2922.350"/>
  <system-out/>
</testsuite> <!-- PW_Duplicate_Articles.test -->
