<?xml version="1.0" encoding="UTF-8"?>
<!-- Generated by org.testng.reporters.JUnitReportReporter -->
<testsuite hostname="Jatin_Passi" failures="0" tests="1" name="PW_Smoke.Allergy_Articals_Subscribe_letter" time="115.877" errors="0" timestamp="2023-07-24T16:18:25 IST" skipped="0">
  <testcase classname="PW_Smoke.Allergy_Articals_Subscribe_letter" name="subscribe_letter_Form" time="115.877"/>
  <system-out/>
</testsuite> <!-- PW_Smoke.Allergy_Articals_Subscribe_letter -->
