<?xml version="1.0" encoding="UTF-8"?>
<!-- Generated by org.testng.reporters.JUnitReportReporter -->
<testsuite hostname="Jatin_Passi" failures="0" tests="1" name="DYSMD.Abstract_smokefemale2" time="46.200" errors="0" timestamp="2023-07-24T14:21:41 IST" skipped="0">
  <testcase classname="DYSMD.Abstract_smokefemale2" name="setup" time="46.200"/>
  <system-out/>
</testsuite> <!-- DYSMD.Abstract_smokefemale2 -->
