<?xml version="1.0" encoding="UTF-8"?>
<!-- Generated by org.testng.reporters.JUnitReportReporter -->
<testsuite hostname="Jatin_Passi" failures="0" tests="7" name="EMS.Supervisor" time="52.678" errors="0" timestamp="2023-06-08T15:16:14 IST" skipped="0">
  <testcase classname="EMS.Supervisor" name="setup" time="4.184"/>
  <system-out/>
  <testcase classname="EMS.Supervisor" name="login" time="3.210"/>
  <system-out/>
  <testcase classname="EMS.Supervisor" name="activites" time="8.788"/>
  <system-out/>
  <testcase classname="EMS.Supervisor" name="approvetodo" time="9.748"/>
  <system-out/>
  <testcase classname="EMS.Supervisor" name="reports" time="4.887"/>
  <system-out/>
  <testcase classname="EMS.Supervisor" name="approveprojectreport" time="15.992"/>
  <system-out/>
  <testcase classname="EMS.Supervisor" name="reportcheck_in_client_summary" time="5.869"/>
  <system-out/>
</testsuite> <!-- EMS.Supervisor -->
