<?xml version="1.0" encoding="UTF-8"?>
<!-- Generated by org.testng.reporters.JUnitReportReporter -->
<testsuite hostname="Jatin_Passi" failures="0" tests="1" name="PW.Catlinks" time="494.559" errors="0" timestamp="2023-06-16T01:08:18 IST" skipped="0">
  <testcase classname="PW.Catlinks" name="main" time="494.559"/>
  <system-out/>
</testsuite> <!-- PW.Catlinks -->
