<?xml version="1.0" encoding="UTF-8"?>
<!-- Generated by org.testng.reporters.JUnitReportReporter -->
<testsuite hostname="Jatin_Passi" failures="0" tests="1" name="PW_Duplicate_Articles.Duplicate_Articles_Orthopedics" time="557.039" errors="0" timestamp="2023-07-13T20:45:54 IST" skipped="0">
  <testcase classname="PW_Duplicate_Articles.Duplicate_Articles_Orthopedics" name="duplicate_articles_Orthopedics" time="557.039"/>
  <system-out/>
</testsuite> <!-- PW_Duplicate_Articles.Duplicate_Articles_Orthopedics -->
