<?xml version="1.0" encoding="UTF-8"?>
<!-- Generated by org.testng.reporters.JUnitReportReporter -->
<testsuite hostname="Jatin_Passi" failures="0" tests="7" name="EMS.Supervisor" time="45.767" errors="0" timestamp="2023-07-18T16:14:39 IST" skipped="0">
  <testcase classname="EMS.Supervisor" name="setup" time="3.981"/>
  <system-out/>
  <testcase classname="EMS.Supervisor" name="login" time="2.702"/>
  <system-out/>
  <testcase classname="EMS.Supervisor" name="member_Records" time="8.162"/>
  <system-out/>
  <testcase classname="EMS.Supervisor" name="Supervisor_Approve_To_Do" time="3.490"/>
  <system-out/>
  <testcase classname="EMS.Supervisor" name="Member_Report_Details" time="5.077"/>
  <system-out/>
  <testcase classname="EMS.Supervisor" name="Approve_project_report" time="15.381"/>
  <system-out/>
  <testcase classname="EMS.Supervisor" name="Report_check_in_client_summary" time="6.974"/>
  <system-out/>
</testsuite> <!-- EMS.Supervisor -->
