<?xml version="1.0" encoding="UTF-8"?>
<!-- Generated by org.testng.reporters.JUnitReportReporter -->
<testsuite hostname="Jatin_Passi" failures="0" tests="1" name="Testng.PS2" time="0.014" errors="0" timestamp="2023-05-03T23:49:44 IST" skipped="0">
  <testcase classname="Testng.PS2" name="add" time="0.014"/>
  <system-out/>
</testsuite> <!-- Testng.PS2 -->
