<?xml version="1.0" encoding="UTF-8"?>
<!-- Generated by org.testng.reporters.JUnitReportReporter -->
<testsuite hostname="Jatin_Passi" failures="0" tests="5" name="Testng.Data_Reciever" time="0.023" errors="0" timestamp="2023-06-30T00:22:57 IST" skipped="0">
  <testcase classname="Testng.Data_Reciever" name="main" time="0.002"/>
  <system-out/>
  <testcase classname="Testng.Data_Reciever" name="main" time="0.002"/>
  <system-out/>
  <testcase classname="Testng.Data_Reciever" name="main" time="0.009"/>
  <system-out/>
  <testcase classname="Testng.Data_Reciever" name="main" time="0.008"/>
  <system-out/>
  <testcase classname="Testng.Data_Reciever" name="main" time="0.002"/>
  <system-out/>
</testsuite> <!-- Testng.Data_Reciever -->
