<?xml version="1.0" encoding="UTF-8"?>
<!-- Generated by org.testng.reporters.JUnitReportReporter -->
<testsuite hostname="Jatin_Passi" failures="0" tests="1" name="DYSMD.Links" time="26.690" errors="0" timestamp="2023-03-28T18:04:32 IST" skipped="0">
  <testcase classname="DYSMD.Links" name="setup" time="26.690"/>
  <system-out/>
</testsuite> <!-- DYSMD.Links -->
