<?xml version="1.0" encoding="UTF-8"?>
<!-- Generated by org.testng.reporters.JUnitReportReporter -->
<testsuite hostname="Jatin_Passi" failures="0" tests="2" name="First_Framework.Login" time="21.471" errors="0" timestamp="2023-05-19T15:08:51 IST" skipped="0">
  <testcase classname="First_Framework.Login" name="testInvalidLogin" time="4.450"/>
  <system-out/>
  <testcase classname="First_Framework.Login" name="testValidLogin" time="17.021"/>
  <system-out/>
</testsuite> <!-- First_Framework.Login -->
