<?xml version="1.0" encoding="UTF-8"?>
<!-- Generated by org.testng.reporters.JUnitReportReporter -->
<testsuite hostname="Jatin_Passi" failures="0" tests="1" name="DYSMD.Family_condition_2" time="19.993" errors="0" timestamp="2023-04-18T01:06:29 IST" skipped="0">
  <testcase classname="DYSMD.Family_condition_2" name="medication" time="19.993"/>
  <system-out/>
</testsuite> <!-- DYSMD.Family_condition_2 -->
