<?xml version="1.0" encoding="UTF-8"?>
<!-- Generated by org.testng.reporters.JUnitReportReporter -->
<testsuite hostname="Jatin_Passi" failures="0" tests="3" name="EMS.Member_Report" time="19.780" errors="0" timestamp="2023-05-08T21:55:15 IST" skipped="0">
  <testcase classname="EMS.Member_Report" name="reports" time="8.258"/>
  <system-out/>
  <testcase classname="EMS.Member_Report" name="login" time="10.901"/>
  <system-out/>
  <testcase classname="EMS.Member_Report" name="reptext" time="0.621"/>
  <system-out/>
</testsuite> <!-- EMS.Member_Report -->
