<?xml version="1.0" encoding="UTF-8"?>
<!-- Generated by org.testng.reporters.JUnitReportReporter -->
<testsuite hostname="Jatin_Passi" failures="0" tests="4" name="EMS.To_Do" time="5.861" errors="0" timestamp="2023-06-08T15:03:58 IST" skipped="0">
  <testcase classname="EMS.To_Do" name="login" time="2.543"/>
  <system-out/>
  <testcase classname="EMS.To_Do" name="todo" time="1.818"/>
  <system-out/>
  <testcase classname="EMS.To_Do" name="member_project" time="1.187"/>
  <system-out/>
  <testcase classname="EMS.To_Do" name="priorty" time="0.313"/>
  <system-out/>
</testsuite> <!-- EMS.To_Do -->
