<?xml version="1.0" encoding="UTF-8"?>
<!-- Generated by org.testng.reporters.JUnitReportReporter -->
<testsuite hostname="Jatin_Passi" failures="0" tests="1" name="EMS.Google_dic" time="3.924" errors="0" timestamp="2023-05-02T01:12:10 IST" skipped="0">
  <testcase classname="EMS.Google_dic" name="main" time="3.924"/>
  <system-out/>
</testsuite> <!-- EMS.Google_dic -->
