<?xml version="1.0" encoding="UTF-8"?>
<!-- Generated by org.testng.reporters.JUnitReportReporter -->
<testsuite hostname="Jatin_Passi" failures="0" tests="1" name="PW_Smoke.Business_of_Medicine_Link_Check" time="270.335" errors="0" timestamp="2023-06-23T21:26:47 IST" skipped="0">
  <testcase classname="PW_Smoke.Business_of_Medicine_Link_Check" name="business_of_medicine_Linkcheck" time="270.335"/>
  <system-out/>
</testsuite> <!-- PW_Smoke.Business_of_Medicine_Link_Check -->
