<?xml version="1.0" encoding="UTF-8"?>
<!-- Generated by org.testng.reporters.JUnitReportReporter -->
<testsuite hostname="Jatin_Passi" failures="0" tests="1" name="PW_Smoke.Cardiology_Link_Check" time="159.185" errors="0" timestamp="2023-07-24T15:21:35 IST" skipped="0">
  <testcase classname="PW_Smoke.Cardiology_Link_Check" name="cardiology_link_Check" time="159.185"/>
  <system-out/>
</testsuite> <!-- PW_Smoke.Cardiology_Link_Check -->
