<?xml version="1.0" encoding="UTF-8"?>
<!-- Generated by org.testng.reporters.JUnitReportReporter -->
<testsuite hostname="Jatin_Passi" failures="0" tests="1" name="Testng.Practise_framework" time="12.279" errors="0" timestamp="2023-06-23T14:57:11 IST" skipped="0">
  <testcase classname="Testng.Practise_framework" name="first" time="12.279"/>
  <system-out/>
</testsuite> <!-- Testng.Practise_framework -->
