<?xml version="1.0" encoding="UTF-8"?>
<!-- Generated by org.testng.reporters.JUnitReportReporter -->
<testsuite hostname="Jatin_Passi" failures="0" tests="1" name="PW_Duplicate_Articles.Duplicate_Articles_Psychiatry" time="2185.478" errors="0" timestamp="2023-07-13T21:22:37 IST" skipped="0">
  <testcase classname="PW_Duplicate_Articles.Duplicate_Articles_Psychiatry" name="duplicate_articles_Psychiatry" time="2185.478"/>
  <system-out/>
</testsuite> <!-- PW_Duplicate_Articles.Duplicate_Articles_Psychiatry -->
