<?xml version="1.0" encoding="UTF-8"?>
<!-- Generated by org.testng.reporters.JUnitReportReporter -->
<testsuite hostname="Jatin_Passi" failures="0" tests="4" name="Data_Driven.Parabank" time="35.967" errors="0" timestamp="2023-06-29T18:58:15 IST" skipped="0">
  <testcase classname="Data_Driven.Parabank" name="Login" time="12.037"/>
  <system-out/>
  <testcase classname="Data_Driven.Parabank" name="Login" time="9.605"/>
  <system-out/>
  <testcase classname="Data_Driven.Parabank" name="Login" time="7.211"/>
  <system-out/>
  <testcase classname="Data_Driven.Parabank" name="Login" time="7.114"/>
  <system-out/>
</testsuite> <!-- Data_Driven.Parabank -->
