<?xml version="1.0" encoding="UTF-8"?>
<!-- Generated by org.testng.reporters.JUnitReportReporter -->
<testsuite hostname="Jatin_Passi" failures="0" tests="1" name="PW_Smoke.Oncology_Hematology_Link_Check" time="277.516" errors="0" timestamp="2023-07-24T16:06:25 IST" skipped="0">
  <testcase classname="PW_Smoke.Oncology_Hematology_Link_Check" name="oncology_hematology_link_Check" time="277.516"/>
  <system-out/>
</testsuite> <!-- PW_Smoke.Oncology_Hematology_Link_Check -->
