<?xml version="1.0" encoding="UTF-8"?>
<!-- Generated by org.testng.reporters.JUnitReportReporter -->
<testsuite hostname="Jatin_Passi" failures="0" tests="1" name="Streamlamba" time="0.018" errors="0" timestamp="2023-03-31T20:57:22 IST" skipped="0">
  <testcase classname="Streamlamba" name="first" time="0.018"/>
  <system-out/>
</testsuite> <!-- Streamlamba -->
