<?xml version="1.0" encoding="UTF-8"?>
<!-- Generated by org.testng.reporters.JUnitReportReporter -->
<testsuite hostname="Jatin_Passi" failures="0" tests="1" name="PW_Duplicate_Articles.Duplicate_Article_Pediatrics" time="3199.652" errors="0" timestamp="2023-07-07T02:15:50 IST" skipped="0">
  <testcase classname="PW_Duplicate_Articles.Duplicate_Article_Pediatrics" name="duplicate_articles_Pediatrics" time="3199.652"/>
  <system-out/>
</testsuite> <!-- PW_Duplicate_Articles.Duplicate_Article_Pediatrics -->
