<?xml version="1.0" encoding="UTF-8"?>
<!-- Generated by org.testng.reporters.JUnitReportReporter -->
<testsuite hostname="Jatin_Passi" failures="0" tests="1" name="PW_Smoke.Pain_Link_Check" time="168.299" errors="0" timestamp="2023-07-05T15:10:36 IST" skipped="0">
  <testcase classname="PW_Smoke.Pain_Link_Check" name="pain_link_Check" time="168.299"/>
  <system-out/>
</testsuite> <!-- PW_Smoke.Pain_Link_Check -->
