<?xml version="1.0" encoding="UTF-8"?>
<!-- Generated by org.testng.reporters.JUnitReportReporter -->
<testsuite hostname="Jatin_Passi" failures="0" tests="1" name="Calendar" time="12.180" errors="0" timestamp="2023-03-29T19:10:56 IST" skipped="0">
  <testcase classname="Calendar" name="setup" time="12.180"/>
  <system-out/>
</testsuite> <!-- Calendar -->
