<?xml version="1.0" encoding="UTF-8"?>
<!-- Generated by org.testng.reporters.JUnitReportReporter -->
<testsuite hostname="Jatin_Passi" failures="0" tests="3" name="PW_Smoke.Search_Feed_Articles" time="446.697" errors="0" timestamp="2023-07-05T15:45:20 IST" skipped="0">
  <testcase classname="PW_Smoke.Search_Feed_Articles" name="Homepage" time="157.276"/>
  <system-out/>
  <testcase classname="PW_Smoke.Search_Feed_Articles" name="_2mm" time="192.896"/>
  <system-out/>
  <testcase classname="PW_Smoke.Search_Feed_Articles" name="Pubmed" time="96.525"/>
  <system-out/>
</testsuite> <!-- PW_Smoke.Search_Feed_Articles -->
