<?xml version="1.0" encoding="UTF-8"?>
<!-- Generated by org.testng.reporters.JUnitReportReporter -->
<testsuite hostname="Jatin_Passi" failures="0" tests="1" name="PW_Smoke.Duplicate_Articles_Critical_Care" time="3108.402" errors="0" timestamp="2023-07-04T20:44:40 IST" skipped="0">
  <testcase classname="PW_Smoke.Duplicate_Articles_Critical_Care" name="duplicate_articles_critical_Care" time="3108.402"/>
  <system-out/>
</testsuite> <!-- PW_Smoke.Duplicate_Articles_Critical_Care -->
