<?xml version="1.0" encoding="UTF-8"?>
<!-- Generated by org.testng.reporters.JUnitReportReporter -->
<testsuite hostname="Jatin_Passi" failures="0" tests="2" name="Dynamic_Check_box" time="4.629" errors="0" timestamp="2023-02-24T20:13:39 IST" skipped="0">
  <testcase classname="Dynamic_Check_box" name="main" time="0.417"/>
  <system-out/>
  <testcase classname="Dynamic_Check_box" name="radiobutton" time="4.212"/>
  <system-out/>
</testsuite> <!-- Dynamic_Check_box -->
