<?xml version="1.0" encoding="UTF-8"?>
<!-- Generated by org.testng.reporters.JUnitReportReporter -->
<testsuite hostname="Jatin_Passi" failures="0" tests="1" name="PW_Smoke.Primary_Care_Link_Check" time="291.793" errors="0" timestamp="2023-07-05T15:19:14 IST" skipped="0">
  <testcase classname="PW_Smoke.Primary_Care_Link_Check" name="primary_care_link_Check" time="291.793"/>
  <system-out/>
</testsuite> <!-- PW_Smoke.Primary_Care_Link_Check -->
