<?xml version="1.0" encoding="UTF-8"?>
<!-- Generated by org.testng.reporters.JUnitReportReporter -->
<testsuite hostname="Jatin_Passi" failures="0" tests="1" name="PW_Smoke.Footer_Link_Check" time="143.402" errors="0" timestamp="2023-06-23T19:37:12 IST" skipped="0">
  <testcase classname="PW_Smoke.Footer_Link_Check" name="footer_link_Check" time="143.402"/>
  <system-out/>
</testsuite> <!-- PW_Smoke.Footer_Link_Check -->
