<?xml version="1.0" encoding="UTF-8"?>
<!-- Generated by org.testng.reporters.JUnitReportReporter -->
<testsuite hostname="Jatin_Passi" failures="0" tests="1" name="Testng.Browser_origin" time="5.035" errors="0" timestamp="2023-06-01T22:52:27 IST" skipped="0">
  <testcase classname="Testng.Browser_origin" name="setup" time="5.035"/>
  <system-out/>
</testsuite> <!-- Testng.Browser_origin -->
