<?xml version="1.0" encoding="UTF-8"?>
<!-- Generated by org.testng.reporters.JUnitReportReporter -->
<testsuite hostname="Jatin_Passi" failures="0" tests="1" name="Autosuggestive_Dropdowns" time="5.388" errors="0" timestamp="2023-03-15T00:12:07 IST" skipped="0">
  <testcase classname="Autosuggestive_Dropdowns" name="stat" time="5.388"/>
  <system-out/>
</testsuite> <!-- Autosuggestive_Dropdowns -->
