<?xml version="1.0" encoding="UTF-8"?>
<!-- Generated by org.testng.reporters.JUnitReportReporter -->
<testsuite hostname="Jatin_Passi" failures="0" tests="5" name="EMS.Agent_Tasks" time="43.180" errors="0" timestamp="2023-07-18T16:11:23 IST" skipped="0">
  <testcase classname="EMS.Agent_Tasks" name="punchIn" time="2.714"/>
  <system-out/>
  <testcase classname="EMS.Agent_Tasks" name="to_do_Notification" time="6.280"/>
  <system-out/>
  <testcase classname="EMS.Agent_Tasks" name="Collapsed" time="0.814"/>
  <system-out/>
  <testcase classname="EMS.Agent_Tasks" name="activity_arrow_Screenshot" time="6.116"/>
  <system-out/>
  <testcase classname="EMS.Agent_Tasks" name="Edit_Submitted_Report" time="27.256"/>
  <system-out/>
</testsuite> <!-- EMS.Agent_Tasks -->
