<?xml version="1.0" encoding="UTF-8"?>
<!-- Generated by org.testng.reporters.JUnitReportReporter -->
<testsuite hostname="Jatin_Passi" failures="0" tests="1" name="WindowHand" time="10.365" errors="0" timestamp="2023-03-28T00:31:41 IST" skipped="0">
  <testcase classname="WindowHand" name="setup" time="10.365"/>
  <system-out/>
</testsuite> <!-- WindowHand -->
