<?xml version="1.0" encoding="UTF-8"?>
<!-- Generated by org.testng.reporters.JUnitReportReporter -->
<testsuite hostname="Jatin_Passi" failures="0" tests="1" name="Frames_Drag_Drop" time="14.721" errors="0" timestamp="2023-03-29T19:32:17 IST" skipped="0">
  <testcase classname="Frames_Drag_Drop" name="setup" time="14.721"/>
  <system-out/>
</testsuite> <!-- Frames_Drag_Drop -->
