<?xml version="1.0" encoding="UTF-8"?>
<!-- Generated by org.testng.reporters.JUnitReportReporter -->
<testsuite hostname="Jatin_Passi" failures="0" tests="1" name="PW_Smoke.Meeting_Coverage_View_All_View_More" time="280.024" errors="0" timestamp="2023-07-24T16:18:25 IST" skipped="0">
  <testcase classname="PW_Smoke.Meeting_Coverage_View_All_View_More" name="meeting_Coverage" time="280.024"/>
  <system-out/>
</testsuite> <!-- PW_Smoke.Meeting_Coverage_View_All_View_More -->
