<?xml version="1.0" encoding="UTF-8"?>
<!-- Generated by org.testng.reporters.JUnitReportReporter -->
<testsuite hostname="Jatin_Passi" failures="0" tests="1" name="DYSMD.Abstract_smokefemale" time="45.312" errors="0" timestamp="2023-07-24T14:21:41 IST" skipped="0">
  <testcase classname="DYSMD.Abstract_smokefemale" name="setup" time="45.312"/>
  <system-out/>
</testsuite> <!-- DYSMD.Abstract_smokefemale -->
