<?xml version="1.0" encoding="UTF-8"?>
<!-- Generated by org.testng.reporters.JUnitReportReporter -->
<testsuite hostname="Jatin_Passi" failures="0" tests="1" name="PW_Smoke.Deep_Dives_Conditional_Spotlight_Sub_Cat_View_All" time="164.176" errors="0" timestamp="2023-07-24T16:06:25 IST" skipped="0">
  <testcase classname="PW_Smoke.Deep_Dives_Conditional_Spotlight_Sub_Cat_View_All" name="deep_dives_conditional_spotlight_sub_cat_view_All" time="164.176"/>
  <system-out/>
</testsuite> <!-- PW_Smoke.Deep_Dives_Conditional_Spotlight_Sub_Cat_View_All -->
