<?xml version="1.0" encoding="UTF-8"?>
<!-- Generated by org.testng.reporters.JUnitReportReporter -->
<testsuite hostname="Jatin_Passi" failures="0" tests="1" name="PW_Smoke.Deep_Dives_Peer_to_Peer_View_All" time="86.781" errors="0" timestamp="2023-07-05T15:37:06 IST" skipped="0">
  <testcase classname="PW_Smoke.Deep_Dives_Peer_to_Peer_View_All" name="deep_dives_peer_to_peer_view_All" time="86.781"/>
  <system-out/>
</testsuite> <!-- PW_Smoke.Deep_Dives_Peer_to_Peer_View_All -->
