<?xml version="1.0" encoding="UTF-8"?>
<!-- Generated by org.testng.reporters.JUnitReportReporter -->
<testsuite hostname="Jatin_Passi" failures="0" tests="1" name="PW_Smoke.Cardiology_Link_Check" time="183.363" errors="0" timestamp="2023-07-05T15:10:36 IST" skipped="0">
  <testcase classname="PW_Smoke.Cardiology_Link_Check" name="cardiology_link_Check" time="183.363"/>
  <system-out/>
</testsuite> <!-- PW_Smoke.Cardiology_Link_Check -->
