<?xml version="1.0" encoding="UTF-8"?>
<!-- Generated by org.testng.reporters.JUnitReportReporter -->
<testsuite hostname="Jatin_Passi" failures="0" tests="1" name="PW_Duplicate_Articles.Duplicate_Gastroenterology_Articles" time="2334.383" errors="0" timestamp="2023-07-14T18:10:49 IST" skipped="0">
  <testcase classname="PW_Duplicate_Articles.Duplicate_Gastroenterology_Articles" name="duplicate_articles_Gastroenterology" time="2334.383"/>
  <system-out/>
</testsuite> <!-- PW_Duplicate_Articles.Duplicate_Gastroenterology_Articles -->
