<?xml version="1.0" encoding="UTF-8"?>
<!-- Generated by org.testng.reporters.JUnitReportReporter -->
<testsuite hostname="Jatin_Passi" failures="0" tests="1" name="BrokenLinks" time="54.428" errors="0" timestamp="2023-05-18T19:01:10 IST" skipped="0">
  <testcase classname="BrokenLinks" name="setup" time="54.428"/>
  <system-out/>
</testsuite> <!-- BrokenLinks -->
