<?xml version="1.0" encoding="UTF-8"?>
<!-- Generated by org.testng.reporters.JUnitReportReporter -->
<testsuite hostname="Jatin_Passi" failures="0" tests="1" name="New_locators" time="5.509" errors="0" timestamp="2023-04-07T00:09:09 IST" skipped="0">
  <testcase classname="New_locators" name="setup" time="5.509"/>
  <system-out/>
</testsuite> <!-- New_locators -->
