<?xml version="1.0" encoding="UTF-8"?>
<!-- Generated by org.testng.reporters.JUnitReportReporter -->
<testsuite hostname="Jatin_Passi" failures="0" tests="1" name="PW_Duplicate_Articles.Duplicate_Articles_Rheumatology" time="423.494" errors="0" timestamp="2023-07-13T23:14:22 IST" skipped="0">
  <testcase classname="PW_Duplicate_Articles.Duplicate_Articles_Rheumatology" name="duplicate_articles_Rheumatology" time="423.494"/>
  <system-out/>
</testsuite> <!-- PW_Duplicate_Articles.Duplicate_Articles_Rheumatology -->
