<?xml version="1.0" encoding="UTF-8"?>
<!-- Generated by org.testng.reporters.JUnitReportReporter -->
<testsuite hostname="Jatin_Passi" failures="0" tests="4" name="Testng.Lec_3" time="0.021" errors="0" timestamp="2023-04-26T23:14:39 IST" skipped="0">
  <testcase classname="Testng.Lec_3" name="lec3_6" time="0.002"/>
  <system-out/>
  <testcase classname="Testng.Lec_3" name="lec3_4" time="0.002"/>
  <system-out/>
  <testcase classname="Testng.Lec_3" name="lec3_3" time="0.015"/>
  <system-out/>
  <testcase classname="Testng.Lec_3" name="lec3_5" time="0.002"/>
  <system-out/>
</testsuite> <!-- Testng.Lec_3 -->
