<?xml version="1.0" encoding="UTF-8"?>
<!-- Generated by org.testng.reporters.JUnitReportReporter -->
<testsuite hostname="Jatin_Passi" failures="0" tests="1" name="DYSMD.Treat_medication4" time="22.161" errors="0" timestamp="2023-03-29T01:46:15 IST" skipped="0">
  <testcase classname="DYSMD.Treat_medication4" name="medication" time="22.161"/>
  <system-out/>
</testsuite> <!-- DYSMD.Treat_medication4 -->
