<?xml version="1.0" encoding="UTF-8"?>
<!-- Generated by org.testng.reporters.JUnitReportReporter -->
<testsuite hostname="Jatin_Passi" failures="0" tests="1" name="EMS.Check_email" time="13.922" errors="0" timestamp="2023-05-24T19:33:07 IST" skipped="0">
  <testcase classname="EMS.Check_email" name="setup" time="13.922"/>
  <system-out/>
</testsuite> <!-- EMS.Check_email -->
