<?xml version="1.0" encoding="UTF-8"?>
<!-- Generated by org.testng.reporters.JUnitReportReporter -->
<testsuite hostname="Jatin_Passi" failures="0" tests="4" name="Testng.BefMethod" time="16.186" errors="0" timestamp="2023-06-02T15:27:45 IST" skipped="0">
  <testcase classname="Testng.BefMethod" name="first3" time="3.352"/>
  <system-out/>
  <testcase classname="Testng.BefMethod" name="first2" time="3.641"/>
  <system-out/>
  <testcase classname="Testng.BefMethod" name="first" time="5.509"/>
  <system-out/>
  <testcase classname="Testng.BefMethod" name="first4" time="3.684"/>
  <system-out/>
</testsuite> <!-- Testng.BefMethod -->
