<?xml version="1.0" encoding="UTF-8"?>
<!-- Generated by org.testng.reporters.JUnitReportReporter -->
<testsuite hostname="Jatin_Passi" failures="0" tests="1" name="inhe2" time="7.116" errors="0" timestamp="2023-04-27T19:56:09 IST" skipped="0">
  <testcase classname="inhe2" name="setup" time="7.116"/>
  <system-out/>
</testsuite> <!-- inhe2 -->
