<?xml version="1.0" encoding="UTF-8"?>
<!-- Generated by org.testng.reporters.JUnitReportReporter -->
<testsuite hostname="Jatin_Passi" failures="0" tests="2" name="EMS.Manager" time="353.267" errors="0" timestamp="2023-07-18T16:36:46 IST" skipped="0">
  <testcase classname="EMS.Manager" name="login" time="33.384"/>
  <system-out/>
  <testcase classname="EMS.Manager" name="Send_Client_Report" time="319.883"/>
  <system-out/>
</testsuite> <!-- EMS.Manager -->
