<?xml version="1.0" encoding="UTF-8"?>
<!-- Generated by org.testng.reporters.JUnitReportReporter -->
<testsuite hostname="Jatin_Passi" failures="0" tests="1" name="PW.defaul" time="46.490" errors="0" timestamp="2023-06-16T01:38:37 IST" skipped="0">
  <testcase classname="PW.defaul" name="main" time="46.490"/>
  <system-out/>
</testsuite> <!-- PW.defaul -->
