<?xml version="1.0" encoding="UTF-8"?>
<!-- Generated by org.testng.reporters.JUnitReportReporter -->
<testsuite hostname="Jatin_Passi" failures="0" tests="1" name="PW_Smoke.Business_of_Medicine" time="49.427" errors="0" timestamp="2023-06-22T17:51:09 IST" skipped="0">
  <testcase classname="PW_Smoke.Business_of_Medicine" name="go" time="49.427"/>
  <system-out/>
</testsuite> <!-- PW_Smoke.Business_of_Medicine -->
