<?xml version="1.0" encoding="UTF-8"?>
<!-- Generated by org.testng.reporters.JUnitReportReporter -->
<testsuite hostname="Jatin_Passi" failures="0" tests="1" name="PW_Smoke.Neurology_Link_Check" time="256.124" errors="0" timestamp="2023-07-05T15:10:36 IST" skipped="0">
  <testcase classname="PW_Smoke.Neurology_Link_Check" name="neurology_link_Check" time="256.124"/>
  <system-out/>
</testsuite> <!-- PW_Smoke.Neurology_Link_Check -->
