<?xml version="1.0" encoding="UTF-8"?>
<!-- Generated by org.testng.reporters.JUnitReportReporter -->
<testsuite hostname="Jatin_Passi" failures="0" tests="1" name="PW_Smoke.Gastroenterology_Subcat_Link_Check" time="298.859" errors="0" timestamp="2023-07-05T15:37:06 IST" skipped="0">
  <testcase classname="PW_Smoke.Gastroenterology_Subcat_Link_Check" name="gastroenterology_link_Check" time="298.859"/>
  <system-out/>
</testsuite> <!-- PW_Smoke.Gastroenterology_Subcat_Link_Check -->
