<?xml version="1.0" encoding="UTF-8"?>
<!-- Generated by org.testng.reporters.JUnitReportReporter -->
<testsuite hostname="Jatin_Passi" failures="0" tests="1" name="PW_Duplicate_Articles.Duplicate_Infectious_Disease_Articles" time="2003.696" errors="0" timestamp="2023-07-14T18:48:47 IST" skipped="0">
  <testcase classname="PW_Duplicate_Articles.Duplicate_Infectious_Disease_Articles" name="duplicate_articles_infectious_Disease" time="2003.696"/>
  <system-out/>
</testsuite> <!-- PW_Duplicate_Articles.Duplicate_Infectious_Disease_Articles -->
