<?xml version="1.0" encoding="UTF-8"?>
<!-- Generated by org.testng.reporters.JUnitReportReporter -->
<testsuite hostname="Jatin_Passi" failures="0" tests="1" name="PW_Duplicate_Articles.Duplicate_Articles_Critical_Care" time="6483.355" errors="0" timestamp="2023-07-06T19:41:53 IST" skipped="0">
  <testcase classname="PW_Duplicate_Articles.Duplicate_Articles_Critical_Care" name="duplicate_articles_critical_Care" time="6483.355"/>
  <system-out/>
</testsuite> <!-- PW_Duplicate_Articles.Duplicate_Articles_Critical_Care -->
