<?xml version="1.0" encoding="UTF-8"?>
<!-- Generated by org.testng.reporters.JUnitReportReporter -->
<testsuite hostname="Jatin_Passi" failures="0" tests="1" name="Testng.inher" time="10.027" errors="0" timestamp="2023-05-03T18:09:10 IST" skipped="0">
  <testcase classname="Testng.inher" name="setup" time="10.027"/>
  <system-out/>
</testsuite> <!-- Testng.inher -->
