<?xml version="1.0" encoding="UTF-8"?>
<!-- Generated by org.testng.reporters.JUnitReportReporter -->
<testsuite hostname="Jatin_Passi" failures="0" tests="1" name="PW_Smoke.Dermatology_Link_Check" time="96.438" errors="0" timestamp="2023-07-05T15:31:22 IST" skipped="0">
  <testcase classname="PW_Smoke.Dermatology_Link_Check" name="dermatology_link_Check" time="96.438"/>
  <system-out/>
</testsuite> <!-- PW_Smoke.Dermatology_Link_Check -->
