<?xml version="1.0" encoding="UTF-8"?>
<!-- Generated by org.testng.reporters.JUnitReportReporter -->
<testsuite hostname="Jatin_Passi" failures="0" tests="1" name="SDropdown" time="2.373" errors="0" timestamp="2023-03-14T23:46:47 IST" skipped="0">
  <testcase classname="SDropdown" name="main" time="2.373"/>
  <system-out/>
</testsuite> <!-- SDropdown -->
