<?xml version="1.0" encoding="UTF-8"?>
<!-- Generated by org.testng.reporters.JUnitReportReporter -->
<testsuite hostname="Jatin_Passi" failures="0" tests="1" name="Pagination" time="6.673" errors="0" timestamp="2023-05-17T21:24:12 IST" skipped="0">
  <testcase classname="Pagination" name="medication" time="6.673"/>
  <system-out/>
</testsuite> <!-- Pagination -->
