<?xml version="1.0" encoding="UTF-8"?>
<!-- Generated by org.testng.reporters.JUnitReportReporter -->
<testsuite hostname="Jatin_Passi" failures="0" tests="3" name="PW_Smoke.Search_Feed_Articles" time="341.160" errors="0" timestamp="2023-07-24T16:18:25 IST" skipped="0">
  <testcase classname="PW_Smoke.Search_Feed_Articles" name="Homepage" time="84.932"/>
  <system-out/>
  <testcase classname="PW_Smoke.Search_Feed_Articles" name="_2mm" time="137.272"/>
  <system-out/>
  <testcase classname="PW_Smoke.Search_Feed_Articles" name="Pubmed" time="118.956"/>
  <system-out/>
</testsuite> <!-- PW_Smoke.Search_Feed_Articles -->
