<?xml version="1.0" encoding="UTF-8"?>
<!-- Generated by org.testng.reporters.JUnitReportReporter -->
<testsuite hostname="Jatin_Passi" failures="0" tests="1" name="PW_Smoke.Nephrology_Link_Setup" time="133.530" errors="0" timestamp="2023-06-22T22:36:06 IST" skipped="0">
  <testcase classname="PW_Smoke.Nephrology_Link_Setup" name="main" time="133.530"/>
  <system-out/>
</testsuite> <!-- PW_Smoke.Nephrology_Link_Setup -->
