<?xml version="1.0" encoding="UTF-8"?>
<!-- Generated by org.testng.reporters.JUnitReportReporter -->
<testsuite hostname="Jatin_Passi" failures="0" tests="1" name="PW.Deep_Dives_Conditional_Spotlight_Sub_Cat_View_All" time="373.129" errors="0" timestamp="2023-06-21T14:38:58 IST" skipped="0">
  <testcase classname="PW.Deep_Dives_Conditional_Spotlight_Sub_Cat_View_All" name="main" time="373.129"/>
  <system-out/>
</testsuite> <!-- PW.Deep_Dives_Conditional_Spotlight_Sub_Cat_View_All -->
