<?xml version="1.0" encoding="UTF-8"?>
<!-- Generated by org.testng.reporters.JUnitReportReporter -->
<testsuite hostname="Jatin_Passi" failures="0" tests="1" name="PW_Smoke.Homepage_Viewmore_Viewall_Clickability" time="96.996" errors="0" timestamp="2023-07-05T15:37:06 IST" skipped="0">
  <testcase classname="PW_Smoke.Homepage_Viewmore_Viewall_Clickability" name="homepage_viewmore_viewall_Clickability" time="96.996"/>
  <system-out/>
</testsuite> <!-- PW_Smoke.Homepage_Viewmore_Viewall_Clickability -->
