<?xml version="1.0" encoding="UTF-8"?>
<!-- Generated by org.testng.reporters.JUnitReportReporter -->
<testsuite hostname="Jatin_Passi" failures="0" tests="1" name="Data_Driven.File_1" time="1.869" errors="0" timestamp="2023-06-29T00:34:49 IST" skipped="0">
  <testcase classname="Data_Driven.File_1" name="main" time="1.869"/>
  <system-out/>
</testsuite> <!-- Data_Driven.File_1 -->
