<?xml version="1.0" encoding="UTF-8"?>
<!-- Generated by org.testng.reporters.JUnitReportReporter -->
<testsuite hostname="Jatin_Passi" failures="0" tests="1" name="DYSMD.Treatment_Medication2" time="27.487" errors="0" timestamp="2023-03-29T01:43:33 IST" skipped="0">
  <testcase classname="DYSMD.Treatment_Medication2" name="medication" time="27.487"/>
  <system-out/>
</testsuite> <!-- DYSMD.Treatment_Medication2 -->
