<?xml version="1.0" encoding="UTF-8"?>
<!-- Generated by org.testng.reporters.JUnitReportReporter -->
<testsuite hostname="Jatin_Passi" failures="0" tests="1" name="Filescreenshot" time="58.788" errors="0" timestamp="2023-05-22T15:15:13 IST" skipped="0">
  <testcase classname="Filescreenshot" name="setup" time="58.788"/>
  <system-out/>
</testsuite> <!-- Filescreenshot -->
