<?xml version="1.0" encoding="UTF-8"?>
<!-- Generated by org.testng.reporters.JUnitReportReporter -->
<testsuite hostname="Jatin_Passi" failures="0" tests="1" name="Windowhandels" time="13.322" errors="0" timestamp="2023-04-07T19:06:05 IST" skipped="0">
  <testcase classname="Windowhandels" name="setup" time="13.322"/>
  <system-out/>
</testsuite> <!-- Windowhandels -->
