<?xml version="1.0" encoding="UTF-8"?>
<!-- Generated by org.testng.reporters.JUnitReportReporter -->
<testsuite hostname="Jatin_Passi" failures="0" tests="5" name="Testng.Data_Supplier" time="7.397" errors="0" timestamp="2023-06-29T23:45:53 IST" skipped="0">
  <testcase classname="Testng.Data_Supplier" name="main" time="0.967"/>
  <system-out/>
  <testcase classname="Testng.Data_Supplier" name="main" time="1.405"/>
  <system-out/>
  <testcase classname="Testng.Data_Supplier" name="main" time="3.215"/>
  <system-out/>
  <testcase classname="Testng.Data_Supplier" name="main" time="0.901"/>
  <system-out/>
  <testcase classname="Testng.Data_Supplier" name="main" time="0.909"/>
  <system-out/>
</testsuite> <!-- Testng.Data_Supplier -->
