<?xml version="1.0" encoding="UTF-8"?>
<!-- Generated by org.testng.reporters.JUnitReportReporter -->
<testsuite hostname="Jatin_Passi" failures="0" tests="6" name="EMS.Manager" time="367.227" errors="0" timestamp="2023-06-08T15:22:45 IST" skipped="0">
  <testcase classname="EMS.Manager" name="login" time="8.301"/>
  <system-out/>
  <testcase classname="EMS.Manager" name="Manager_screenshotarrow" time="6.152"/>
  <system-out/>
  <testcase classname="EMS.Manager" name="Manager_check_member_report_date_time" time="7.120"/>
  <system-out/>
  <testcase classname="EMS.Manager" name="Manager_add_and_assign_todo" time="6.790"/>
  <system-out/>
  <testcase classname="EMS.Manager" name="Manager_report" time="4.642"/>
  <system-out/>
  <testcase classname="EMS.Manager" name="Manager_screenshot_view_button" time="334.222"/>
  <system-out/>
</testsuite> <!-- EMS.Manager -->
