<?xml version="1.0" encoding="UTF-8"?>
<!-- Generated by org.testng.reporters.JUnitReportReporter -->
<testsuite hostname="Jatin_Passi" failures="0" tests="1" name="PW_Smoke.Specialities_Sub_cat" time="167.929" errors="0" timestamp="2023-06-22T19:59:59 IST" skipped="0">
  <testcase classname="PW_Smoke.Specialities_Sub_cat" name="main" time="167.929"/>
  <system-out/>
</testsuite> <!-- PW_Smoke.Specialities_Sub_cat -->
