<?xml version="1.0" encoding="UTF-8"?>
<!-- Generated by org.testng.reporters.JUnitReportReporter -->
<testsuite hostname="Jatin_Passi" failures="0" tests="1" name="PW_Smoke.Pulmonology_Link_Check" time="191.397" errors="0" timestamp="2023-07-24T15:48:28 IST" skipped="0">
  <testcase classname="PW_Smoke.Pulmonology_Link_Check" name="pulmonology_care_link_Check" time="191.397"/>
  <system-out/>
</testsuite> <!-- PW_Smoke.Pulmonology_Link_Check -->
