<?xml version="1.0" encoding="UTF-8"?>
<!-- Generated by org.testng.reporters.JUnitReportReporter -->
<testsuite hostname="Jatin_Passi" failures="0" tests="1" name="DYSMD.Treatment_Medication" time="34.394" errors="0" timestamp="2023-04-05T04:16:18 IST" skipped="0">
  <testcase classname="DYSMD.Treatment_Medication" name="medication" time="34.394"/>
  <system-out/>
</testsuite> <!-- DYSMD.Treatment_Medication -->
