<?xml version="1.0" encoding="UTF-8"?>
<!-- Generated by org.testng.reporters.JUnitReportReporter -->
<testsuite hostname="Jatin_Passi" failures="0" tests="2" name="Testng.Lec_2" time="0.026" errors="0" timestamp="2023-04-10T20:12:27 IST" skipped="0">
  <testcase classname="Testng.Lec_2" name="InputField1" time="0.024"/>
  <system-out/>
  <testcase classname="Testng.Lec_2" name="InputField2" time="0.002"/>
  <system-out/>
</testsuite> <!-- Testng.Lec_2 -->
