<?xml version="1.0" encoding="UTF-8"?>
<!-- Generated by org.testng.reporters.JUnitReportReporter -->
<testsuite hostname="Jatin_Passi" failures="0" tests="1" name="Data_Driven.Data_Reciever" time="3.132" errors="0" timestamp="2023-06-29T01:19:03 IST" skipped="0">
  <testcase classname="Data_Driven.Data_Reciever" name="test" time="3.132"/>
  <system-out/>
</testsuite> <!-- Data_Driven.Data_Reciever -->
