<?xml version="1.0" encoding="UTF-8"?>
<!-- Generated by org.testng.reporters.JUnitReportReporter -->
<testsuite hostname="Jatin_Passi" failures="0" tests="1" name="Array_list" time="19.686" errors="0" timestamp="2023-03-23T17:25:06 IST" skipped="0">
  <testcase classname="Array_list" name="setup" time="19.686"/>
  <system-out/>
</testsuite> <!-- Array_list -->
