<?xml version="1.0" encoding="UTF-8"?>
<!-- Generated by org.testng.reporters.JUnitReportReporter -->
<testsuite hostname="Jatin_Passi" failures="0" tests="1" name="DYSMD.Abstract_smokemale" time="27.344" errors="0" timestamp="2023-07-05T14:16:04 IST" skipped="0">
  <testcase classname="DYSMD.Abstract_smokemale" name="setup" time="27.344"/>
  <system-out/>
</testsuite> <!-- DYSMD.Abstract_smokemale -->
