<?xml version="1.0" encoding="UTF-8"?>
<!-- Generated by org.testng.reporters.JUnitReportReporter -->
<testsuite hostname="Jatin_Passi" failures="0" tests="1" name="PW_Duplicate_Articles.Duplicate_Articles_Surgery" time="1255.439" errors="0" timestamp="2023-07-13T23:45:50 IST" skipped="0">
  <testcase classname="PW_Duplicate_Articles.Duplicate_Articles_Surgery" name="duplicate_articles_Surgery" time="1255.439"/>
  <system-out/>
</testsuite> <!-- PW_Duplicate_Articles.Duplicate_Articles_Surgery -->
