<?xml version="1.0" encoding="UTF-8"?>
<!-- Generated by org.testng.reporters.JUnitReportReporter -->
<testsuite hostname="Jatin_Passi" failures="0" tests="2" name="Testng.inher3" time="21.568" errors="0" timestamp="2023-05-03T18:09:10 IST" skipped="0">
  <testcase classname="Testng.inher3" name="setup" time="12.768"/>
  <system-out/>
  <testcase classname="Testng.inher3" name="medication" time="8.800"/>
  <system-out/>
</testsuite> <!-- Testng.inher3 -->
