<?xml version="1.0" encoding="UTF-8"?>
<!-- Generated by org.testng.reporters.JUnitReportReporter -->
<testsuite hostname="Jatin_Passi" failures="0" tests="5" name="EMS.Add_Project" time="32.090" errors="0" timestamp="2023-05-08T21:48:00 IST" skipped="0">
  <testcase classname="EMS.Add_Project" name="login" time="14.926"/>
  <system-out/>
  <testcase classname="EMS.Add_Project" name="add" time="15.180"/>
  <system-out/>
  <testcase classname="EMS.Add_Project" name="form" time="1.054"/>
  <system-out/>
  <testcase classname="EMS.Add_Project" name="form2" time="0.586"/>
  <system-out/>
  <testcase classname="EMS.Add_Project" name="form3" time="0.344"/>
  <system-out/>
</testsuite> <!-- EMS.Add_Project -->
