<?xml version="1.0" encoding="UTF-8"?>
<!-- Generated by org.testng.reporters.JUnitReportReporter -->
<testsuite hostname="Jatin_Passi" failures="0" tests="1" name="PW_Smoke.Rheumatology_Link_Check" time="27.188" errors="0" timestamp="2023-07-24T16:11:56 IST" skipped="0">
  <testcase classname="PW_Smoke.Rheumatology_Link_Check" name="rheumatology_link_Check" time="27.188"/>
  <system-out/>
</testsuite> <!-- PW_Smoke.Rheumatology_Link_Check -->
