<?xml version="1.0" encoding="UTF-8"?>
<!-- Generated by org.testng.reporters.JUnitReportReporter -->
<testsuite hostname="Jatin_Passi" failures="0" tests="1" name="DYSMD.Family_conditon_1" time="11.001" errors="0" timestamp="2023-04-18T00:48:50 IST" skipped="0">
  <testcase classname="DYSMD.Family_conditon_1" name="medication" time="11.001"/>
  <system-out/>
</testsuite> <!-- DYSMD.Family_conditon_1 -->
