<?xml version="1.0" encoding="UTF-8"?>
<!-- Generated by org.testng.reporters.JUnitReportReporter -->
<testsuite hostname="Jatin_Passi" failures="0" tests="1" name="Map_lambda" time="0.015" errors="0" timestamp="2023-04-03T17:27:42 IST" skipped="0">
  <testcase classname="Map_lambda" name="main" time="0.015"/>
  <system-out/>
</testsuite> <!-- Map_lambda -->
