<?xml version="1.0" encoding="UTF-8"?>
<!-- Generated by org.testng.reporters.JUnitReportReporter -->
<testsuite hostname="Jatin_Passi" failures="0" tests="1" name="PW_Smoke.OB_GYN_Link_Check" time="157.823" errors="0" timestamp="2023-07-05T15:05:49 IST" skipped="0">
  <testcase classname="PW_Smoke.OB_GYN_Link_Check" name="oB_gyn_link_Check" time="157.823"/>
  <system-out/>
</testsuite> <!-- PW_Smoke.OB_GYN_Link_Check -->
