<?xml version="1.0" encoding="UTF-8"?>
<!-- Generated by org.testng.reporters.JUnitReportReporter -->
<testsuite hostname="Jatin_Passi" failures="0" tests="1" name="Mouse" time="9.360" errors="0" timestamp="2023-03-27T18:55:12 IST" skipped="0">
  <testcase classname="Mouse" name="setup" time="9.360"/>
  <system-out/>
</testsuite> <!-- Mouse -->
