<?xml version="1.0" encoding="UTF-8"?>
<!-- Generated by org.testng.reporters.JUnitReportReporter -->
<testsuite hostname="Jatin_Passi" failures="0" tests="1" name="Testng.Lec_1" time="0.013" errors="0" timestamp="2023-04-07T23:59:59 IST" skipped="0">
  <testcase classname="Testng.Lec_1" name="Loginsetup" time="0.013"/>
  <system-out/>
</testsuite> <!-- Testng.Lec_1 -->
