<?xml version="1.0" encoding="UTF-8"?>
<!-- Generated by org.testng.reporters.JUnitReportReporter -->
<testsuite hostname="Jatin_Passi" failures="0" tests="1" name="PW_Smoke.Deep_Dives_Peer_to_Peer_Link_Check" time="120.925" errors="0" timestamp="2023-06-21T20:39:06 IST" skipped="0">
  <testcase classname="PW_Smoke.Deep_Dives_Peer_to_Peer_Link_Check" name="go" time="120.925"/>
  <system-out/>
</testsuite> <!-- PW_Smoke.Deep_Dives_Peer_to_Peer_Link_Check -->
