<?xml version="1.0" encoding="UTF-8"?>
<!-- Generated by org.testng.reporters.JUnitReportReporter -->
<testsuite hostname="Jatin_Passi" failures="0" tests="1" name="Testng.Ext_Reports" time="5.726" errors="0" timestamp="2023-06-08T17:57:24 IST" skipped="0">
  <testcase classname="Testng.Ext_Reports" name="setup1" time="5.726"/>
  <system-out/>
</testsuite> <!-- Testng.Ext_Reports -->
