<?xml version="1.0" encoding="UTF-8"?>
<!-- Generated by org.testng.reporters.JUnitReportReporter -->
<testsuite hostname="Jatin_Passi" failures="0" tests="1" name="PW_Duplicate_Articles.Duplicate_Article_Neurology" time="1803.426" errors="0" timestamp="2023-07-14T22:30:59 IST" skipped="0">
  <testcase classname="PW_Duplicate_Articles.Duplicate_Article_Neurology" name="duplicate_articles_Neurology" time="1803.426"/>
  <system-out/>
</testsuite> <!-- PW_Duplicate_Articles.Duplicate_Article_Neurology -->
