<?xml version="1.0" encoding="UTF-8"?>
<!-- Generated by org.testng.reporters.JUnitReportReporter -->
<testsuite hostname="Jatin_Passi" failures="0" tests="1" name="PW_Smoke.Ophthalmology_Link_Check" time="145.020" errors="0" timestamp="2023-07-13T15:45:10 IST" skipped="0">
  <testcase classname="PW_Smoke.Ophthalmology_Link_Check" name="ophthalmology_link_Check" time="145.020"/>
  <system-out/>
</testsuite> <!-- PW_Smoke.Ophthalmology_Link_Check -->
