<?xml version="1.0" encoding="UTF-8"?>
<!-- Generated by org.testng.reporters.JUnitReportReporter -->
<testsuite hostname="Jatin_Passi" failures="0" tests="1" name="PW.Homepage_Viewmore_Viewall_Clickability" time="48.239" errors="0" timestamp="2023-06-20T21:32:03 IST" skipped="0">
  <testcase classname="PW.Homepage_Viewmore_Viewall_Clickability" name="Home_Page" time="48.239"/>
  <system-out/>
</testsuite> <!-- PW.Homepage_Viewmore_Viewall_Clickability -->
