<?xml version="1.0" encoding="UTF-8"?>
<!-- Generated by org.testng.reporters.JUnitReportReporter -->
<testsuite hostname="Jatin_Passi" failures="0" tests="1" name="PW_Duplicate_Articles.Duplicate_Dermatology_Article" time="382.759" errors="0" timestamp="2023-07-14T00:03:54 IST" skipped="0">
  <testcase classname="PW_Duplicate_Articles.Duplicate_Dermatology_Article" name="duplicate_dermatology_Article" time="382.759"/>
  <system-out/>
</testsuite> <!-- PW_Duplicate_Articles.Duplicate_Dermatology_Article -->
