<?xml version="1.0" encoding="UTF-8"?>
<!-- Generated by org.testng.reporters.JUnitReportReporter -->
<testsuite hostname="Jatin_Passi" failures="0" tests="1" name="First_Framework.Base_Test" time="5.425" errors="0" timestamp="2023-05-23T22:23:38 IST" skipped="0">
  <testcase classname="First_Framework.Base_Test" name="launchapp" time="5.425"/>
  <system-out/>
</testsuite> <!-- First_Framework.Base_Test -->
