<?xml version="1.0" encoding="UTF-8"?>
<!-- Generated by org.testng.reporters.JUnitReportReporter -->
<testsuite hostname="Jatin_Passi" failures="0" tests="1" name="PW_Page_Factory.Search_Feed_Articles" time="159.341" errors="0" timestamp="2023-06-20T00:06:13 IST" skipped="0">
  <testcase classname="PW_Page_Factory.Search_Feed_Articles" name="Run" time="159.341"/>
  <system-out/>
</testsuite> <!-- PW_Page_Factory.Search_Feed_Articles -->
