<?xml version="1.0" encoding="UTF-8"?>
<!-- Generated by org.testng.reporters.JUnitReportReporter -->
<testsuite hostname="Jatin_Passi" failures="0" tests="1" name="BrokenLinks" time="50.697" errors="0" timestamp="2023-07-13T20:33:50 IST" skipped="0">
  <testcase classname="BrokenLinks" name="setup" time="50.697"/>
  <system-out/>
</testsuite> <!-- BrokenLinks -->
