<?xml version="1.0" encoding="UTF-8"?>
<!-- Generated by org.testng.reporters.JUnitReportReporter -->
<testsuite hostname="Jatin_Passi" failures="0" tests="1" name="DYSMD.Abstract_smokefemale" time="27.403" errors="0" timestamp="2023-07-05T14:16:04 IST" skipped="0">
  <testcase classname="DYSMD.Abstract_smokefemale" name="setup" time="27.403"/>
  <system-out/>
</testsuite> <!-- DYSMD.Abstract_smokefemale -->
