<?xml version="1.0" encoding="UTF-8"?>
<!-- Generated by org.testng.reporters.JUnitReportReporter -->
<testsuite hostname="Jatin_Passi" failures="0" tests="4" name="Testng.Lec_4" time="0.086" errors="0" timestamp="2023-05-25T15:23:08 IST" skipped="0">
  <testcase classname="Testng.Lec_4" name="lec4_5" time="0.002"/>
  <system-out/>
  <testcase classname="Testng.Lec_4" name="lec4_4" time="0.014"/>
  <system-out/>
  <testcase classname="Testng.Lec_4" name="lec4_6" time="0.001"/>
  <system-out/>
  <testcase classname="Testng.Lec_4" name="lec4_7" time="0.069"/>
  <system-out/>
</testsuite> <!-- Testng.Lec_4 -->
