<?xml version="1.0" encoding="UTF-8"?>
<!-- Generated by org.testng.reporters.JUnitReportReporter -->
<testsuite hostname="Jatin_Passi" failures="0" tests="1" name="New_Tab" time="51.152" errors="0" timestamp="2023-05-17T17:46:30 IST" skipped="0">
  <testcase classname="New_Tab" name="main" time="51.152"/>
  <system-out/>
</testsuite> <!-- New_Tab -->
