<?xml version="1.0" encoding="UTF-8"?>
<!-- Generated by org.testng.reporters.JUnitReportReporter -->
<testsuite hostname="Jatin_Passi" failures="0" tests="3" name="PW.Search_Feed_Articles" time="238.250" errors="0" timestamp="2023-06-20T17:36:47 IST" skipped="0">
  <testcase classname="PW.Search_Feed_Articles" name="Homepage" time="46.601"/>
  <system-out/>
  <testcase classname="PW.Search_Feed_Articles" name="_2mm" time="93.783"/>
  <system-out/>
  <testcase classname="PW.Search_Feed_Articles" name="Pubmed" time="97.866"/>
  <system-out/>
</testsuite> <!-- PW.Search_Feed_Articles -->
